<?xml version="1.0" encoding="UTF-8"?>
<testsuites name="jest tests" tests="5" failures="0" errors="0" time="0.686">
  <testsuite name="test node red flow" errors="0" failures="0" skipped="0" timestamp="2022-08-04T12:39:08" time="0.659" tests="5">
    <testcase classname="test node red flow test node loader with node-red-node-loader and using done" name="test node red flow test node loader with node-red-node-loader and using done" time="0.019">
    </testcase>
    <testcase classname="test node red flow test node loader with node-red-node-loader and using async" name="test node red flow test node loader with node-red-node-loader and using async" time="0.005">
    </testcase>
    <testcase classname="test node red flow test node loader with node-red-node-loader, node-red-test-helper-tool and using async. testFlow" name="test node red flow test node loader with node-red-node-loader, node-red-test-helper-tool and using async. testFlow" time="0.005">
    </testcase>
    <testcase classname="test node red flow test node loader with node-red-node-loader, node-red-test-helper-tool and using async. healthCheck" name="test node red flow test node loader with node-red-node-loader, node-red-test-helper-tool and using async. healthCheck" time="0.003">
    </testcase>
    <testcase classname="test node red flow test node loader with node-red-node-loader, node-red-test-helper-tool and using async" name="test node red flow test node loader with node-red-node-loader, node-red-test-helper-tool and using async" time="0.02">
    </testcase>
  </testsuite>
</testsuites>