<?xml version="1.0" encoding="UTF-8"?>
<testsuites name="jest tests" tests="1" failures="0" errors="0" time="1.327">
  <testsuite name="test node red flow" errors="0" failures="0" skipped="0" timestamp="2022-08-01T13:59:31" time="1.29" tests="1">
    <testcase classname="test node red flow test node loader" name="test node red flow test node loader" time="0.042">
    </testcase>
  </testsuite>
</testsuites>